<?xml version="1.0" encoding="UTF-8"?>
<!-- Generated by org.testng.reporters.JUnitReportReporter -->
<testsuite hostname="DESKTOP-M40B6CT" failures="0" tests="4" name="com.obsqura.TestNgFramework.SimpleInputFormDemo" time="18.499" errors="0" timestamp="2023-07-23T19:12:42 IST" skipped="0">
  <testcase classname="com.obsqura.TestNgFramework.SimpleInputFormDemo" name="verifyColorOfShowMessageButton" time="5.533"/>
  <system-out/>
  <testcase classname="com.obsqura.TestNgFramework.SimpleInputFormDemo" name="verifyTwoInputFields" time="5.187"/>
  <system-out/>
  <testcase classname="com.obsqura.TestNgFramework.SimpleInputFormDemo" name="verifyFontSizeOfShowMessageButton" time="3.768"/>
  <system-out/>
  <testcase classname="com.obsqura.TestNgFramework.SimpleInputFormDemo" name="verifyFontWeightOfGetTotalButton" time="4.011"/>
  <system-out/>
</testsuite> <!-- com.obsqura.TestNgFramework.SimpleInputFormDemo -->
