<?xml version="1.0" encoding="UTF-8"?>
<!-- Generated by org.testng.reporters.JUnitReportReporter -->
<testsuite hostname="DESKTOP-M40B6CT" failures="0" tests="2" name="com.obsqura.TestNgFramework.Annotations" time="0.031" errors="0" timestamp="2023-07-19T21:06:52 IST" skipped="0">
  <testcase classname="com.obsqura.TestNgFramework.Annotations" name="testCase1" time="0.026"/>
  <system-out/>
  <testcase classname="com.obsqura.TestNgFramework.Annotations" name="testCase2" time="0.005"/>
  <system-out/>
</testsuite> <!-- com.obsqura.TestNgFramework.Annotations -->
