<?xml version="1.0" encoding="UTF-8"?>
<!-- Generated by org.testng.reporters.JUnitReportReporter -->
<testsuite hostname="DESKTOP-M40B6CT" failures="0" tests="1" name="com.obsqura.TestNgFramework.Assertion" time="7.883" errors="0" timestamp="2023-07-20T21:25:03 IST" skipped="0">
  <testcase classname="com.obsqura.TestNgFramework.Assertion" name="assertFalseSample" time="7.883"/>
  <system-out/>
</testsuite> <!-- com.obsqura.TestNgFramework.Assertion -->
